<?xml version="1.0" encoding="UTF-8"?>
<testng-results skipped="0" failed="0" ignored="0" total="1" passed="1">
  <reporter-output>
  </reporter-output>
  <suite name="Default suite" duration-ms="4775" started-at="2021-06-17T00:09:42 PDT" finished-at="2021-06-17T00:09:47 PDT">
    <groups>
    </groups>
    <test name="Default test" duration-ms="4775" started-at="2021-06-17T00:09:42 PDT" finished-at="2021-06-17T00:09:47 PDT">
      <class name="core.testGeoPluginXML">
        <test-method status="PASS" signature="geoPluginXML()[pri:1, instance:core.testGeoPluginXML@363f6148]" name="geoPluginXML" duration-ms="4613" started-at="2021-06-17T00:09:42 PDT" description="GEO Validation XML" finished-at="2021-06-17T00:09:47 PDT">
          <reporter-output>
          </reporter-output>
        </test-method> <!-- geoPluginXML -->
      </class> <!-- core.testGeoPluginXML -->
    </test> <!-- Default test -->
  </suite> <!-- Default suite -->
</testng-results>
